<?xml version="1.0" encoding="UTF-8"?>
<testng-results skipped="0" failed="0" ignored="0" total="1" passed="1">
  <reporter-output>
  </reporter-output>
  <suite name="Suite" duration-ms="51094" started-at="2020-07-11T22:44:32 IST" finished-at="2020-07-11T22:45:24 IST">
    <groups>
    </groups>
    <test name="Test" duration-ms="51094" started-at="2020-07-11T22:44:32 IST" finished-at="2020-07-11T22:45:24 IST">
      <class name="testcases.TestLeafTaps">
        <test-method status="PASS" signature="launchBrowser(java.lang.String)[pri:0, instance:testcases.TestLeafTaps@48503868]" name="launchBrowser" duration-ms="51019" started-at="2020-07-11T22:44:32 IST" finished-at="2020-07-11T22:45:24 IST">
          <params>
            <param index="0">
              <value>
                <![CDATA[chrome]]>
              </value>
            </param>
          </params>
          <reporter-output>
          </reporter-output>
        </test-method> <!-- launchBrowser -->
      </class> <!-- testcases.TestLeafTaps -->
    </test> <!-- Test -->
  </suite> <!-- Suite -->
</testng-results>
